<?xml version="1.0" encoding="UTF-8"?>
<!-- Generated by org.testng.reporters.JUnitReportReporter -->
<testsuite skipped="0" hostname="Chintu-VAIO" name="com.qa.guru99.TestCases.HomePgaeTest" tests="4" failures="0" timestamp="12 Feb 2019 18:05:49 GMT" time="102.827" errors="0">
  <testcase name="veryHomepageTitleTest" time="27.999" classname="com.qa.guru99.TestCases.HomePgaeTest"/>
  <testcase name="verifyWelcomeMsgTest" time="23.939" classname="com.qa.guru99.TestCases.HomePgaeTest"/>
  <testcase name="verifyUserInfoTest" time="25.554" classname="com.qa.guru99.TestCases.HomePgaeTest"/>
  <testcase name="verifyHomePageLinksTest" time="25.335" classname="com.qa.guru99.TestCases.HomePgaeTest"/>
</testsuite> <!-- com.qa.guru99.TestCases.HomePgaeTest -->
